# JRE version: OpenJDK Runtime Environment Microsoft-8902769 (17.0.10+7) (build 17.0.10+7-LTS)
# Java VM: OpenJDK 64-Bit Server VM Microsoft-8902769 (17.0.10+7-LTS, mixed mode, sharing, tiered, compressed oops, compressed class ptrs, g1 gc, windows-amd64)
GC Precious Log:
 CPUs: 8 total, 8 available
 Memory: 16082M
 Large Page Support: Disabled
 NUMA Support: Disabled
 Compressed Oops: Enabled (Zero based)
 Heap Region Size: 2M
 Heap Min Capacity: 8M
 Heap Initial Capacity: 252M
 Heap Max Capacity: 4G
 Pre-touch: Disabled
 Parallel Workers: 8
 Concurrent Workers: 2
 Concurrent Refinement Workers: 8
 Periodic GC: Disabled
Heap:
 garbage-first heap   total 315392K, used 176308K [0x0000000700000000, 0x0000000800000000)
  region size 2048K, 9 young (18432K), 7 survivors (14336K)
 Metaspace       used 138238K, committed 139328K, reserved 1179648K
  class space    used 18590K, committed 19072K, reserved 1048576K
GC Heap History (20 events):
Event: 15.843 GC heap before
{Heap before GC invocations=29 (full 0):
 garbage-first heap   total 223232K, used 186854K [0x0000000700000000, 0x0000000800000000)
  region size 2048K, 54 young (110592K), 3 survivors (6144K)
 Metaspace       used 106892K, committed 107776K, reserved 1179648K
  class space    used 14228K, committed 14656K, reserved 1048576K
}
Event: 15.851 GC heap after
{Heap after GC invocations=30 (full 0):
 garbage-first heap   total 223232K, used 100833K [0x0000000700000000, 0x0000000800000000)
  region size 2048K, 7 young (14336K), 7 survivors (14336K)
 Metaspace       used 106892K, committed 107776K, reserved 1179648K
  class space    used 14228K, committed 14656K, reserved 1048576K
}
Event: 16.673 GC heap before
{Heap before GC invocations=30 (full 0):
 garbage-first heap   total 223232K, used 178657K [0x0000000700000000, 0x0000000800000000)
  region size 2048K, 46 young (94208K), 7 survivors (14336K)
 Metaspace       used 112770K, committed 113600K, reserved 1179648K
  class space    used 14971K, committed 15360K, reserved 1048576K
}
Event: 16.680 GC heap after
{Heap after GC invocations=31 (full 0):
 garbage-first heap   total 223232K, used 107385K [0x0000000700000000, 0x0000000800000000)
  region size 2048K, 3 young (6144K), 3 survivors (6144K)
 Metaspace       used 112770K, committed 113600K, reserved 1179648K
  class space    used 14971K, committed 15360K, reserved 1048576K
}
Event: 17.210 GC heap before
{Heap before GC invocations=31 (full 0):
 garbage-first heap   total 223232K, used 185209K [0x0000000700000000, 0x0000000800000000)
  region size 2048K, 40 young (81920K), 3 survivors (6144K)
 Metaspace       used 114235K, committed 115136K, reserved 1179648K
  class space    used 15157K, committed 15616K, reserved 1048576K
}
Event: 17.217 GC heap after
{Heap after GC invocations=32 (full 0):
 garbage-first heap   total 223232K, used 117923K [0x0000000700000000, 0x0000000800000000)
  region size 2048K, 5 young (10240K), 5 survivors (10240K)
 Metaspace       used 114235K, committed 115136K, reserved 1179648K
  class space    used 15157K, committed 15616K, reserved 1048576K
}
Event: 17.892 GC heap before
{Heap before GC invocations=32 (full 0):
 garbage-first heap   total 223232K, used 183459K [0x0000000700000000, 0x0000000800000000)
  region size 2048K, 37 young (75776K), 5 survivors (10240K)
 Metaspace       used 115987K, committed 116928K, reserved 1179648K
  class space    used 15416K, committed 15872K, reserved 1048576K
}
Event: 17.900 GC heap after
{Heap after GC invocations=33 (full 0):
 garbage-first heap   total 223232K, used 123751K [0x0000000700000000, 0x0000000800000000)
  region size 2048K, 3 young (6144K), 3 survivors (6144K)
 Metaspace       used 115987K, committed 116928K, reserved 1179648K
  class space    used 15416K, committed 15872K, reserved 1048576K
}
Event: 18.577 GC heap before
{Heap before GC invocations=33 (full 0):
 garbage-first heap   total 223232K, used 185191K [0x0000000700000000, 0x0000000800000000)
  region size 2048K, 33 young (67584K), 3 survivors (6144K)
 Metaspace       used 121213K, committed 122240K, reserved 1179648K
  class space    used 16304K, committed 16768K, reserved 1048576K
}
Event: 18.584 GC heap after
{Heap after GC invocations=34 (full 0):
 garbage-first heap   total 223232K, used 126397K [0x0000000700000000, 0x0000000800000000)
  region size 2048K, 4 young (8192K), 4 survivors (8192K)
 Metaspace       used 121213K, committed 122240K, reserved 1179648K
  class space    used 16304K, committed 16768K, reserved 1048576K
}
Event: 19.105 GC heap before
{Heap before GC invocations=34 (full 0):
 garbage-first heap   total 223232K, used 185789K [0x0000000700000000, 0x0000000800000000)
  region size 2048K, 33 young (67584K), 4 survivors (8192K)
 Metaspace       used 122766K, committed 123776K, reserved 1179648K
  class space    used 16518K, committed 17024K, reserved 1048576K
}
Event: 19.114 GC heap after
{Heap after GC invocations=35 (full 0):
 garbage-first heap   total 223232K, used 132830K [0x0000000700000000, 0x0000000800000000)
  region size 2048K, 5 young (10240K), 5 survivors (10240K)
 Metaspace       used 122766K, committed 123776K, reserved 1179648K
  class space    used 16518K, committed 17024K, reserved 1048576K
}
Event: 19.525 GC heap before
{Heap before GC invocations=35 (full 0):
 garbage-first heap   total 223232K, used 181982K [0x0000000700000000, 0x0000000800000000)
  region size 2048K, 30 young (61440K), 5 survivors (10240K)
 Metaspace       used 124183K, committed 125248K, reserved 1179648K
  class space    used 16740K, committed 17216K, reserved 1048576K
}
Event: 19.534 GC heap after
{Heap after GC invocations=36 (full 0):
 garbage-first heap   total 315392K, used 141214K [0x0000000700000000, 0x0000000800000000)
  region size 2048K, 4 young (8192K), 4 survivors (8192K)
 Metaspace       used 124183K, committed 125248K, reserved 1179648K
  class space    used 16740K, committed 17216K, reserved 1048576K
}
Event: 24.933 GC heap before
{Heap before GC invocations=36 (full 0):
 garbage-first heap   total 315392K, used 253854K [0x0000000700000000, 0x0000000800000000)
  region size 2048K, 59 young (120832K), 4 survivors (8192K)
 Metaspace       used 131852K, committed 132928K, reserved 1179648K
  class space    used 17688K, committed 18176K, reserved 1048576K
}
Event: 24.942 GC heap after
{Heap after GC invocations=37 (full 0):
 garbage-first heap   total 315392K, used 154511K [0x0000000700000000, 0x0000000800000000)
  region size 2048K, 8 young (16384K), 8 survivors (16384K)
 Metaspace       used 131852K, committed 132928K, reserved 1179648K
  class space    used 17688K, committed 18176K, reserved 1048576K
}
Event: 25.738 GC heap before
{Heap before GC invocations=37 (full 0):
 garbage-first heap   total 315392K, used 252815K [0x0000000700000000, 0x0000000800000000)
  region size 2048K, 56 young (114688K), 8 survivors (16384K)
 Metaspace       used 137179K, committed 138304K, reserved 1179648K
  class space    used 18448K, committed 18944K, reserved 1048576K
}
Event: 25.749 GC heap after
{Heap after GC invocations=38 (full 0):
 garbage-first heap   total 315392K, used 163208K [0x0000000700000000, 0x0000000800000000)
  region size 2048K, 4 young (8192K), 4 survivors (8192K)
 Metaspace       used 137179K, committed 138304K, reserved 1179648K
  class space    used 18448K, committed 18944K, reserved 1048576K
}
Event: 26.240 GC heap before
{Heap before GC invocations=38 (full 0):
 garbage-first heap   total 315392K, used 232840K [0x0000000700000000, 0x0000000800000000)
  region size 2048K, 39 young (79872K), 4 survivors (8192K)
 Metaspace       used 138135K, committed 139200K, reserved 1179648K
  class space    used 18576K, committed 19072K, reserved 1048576K
}
Event: 26.253 GC heap after
{Heap after GC invocations=39 (full 0):
 garbage-first heap   total 315392K, used 174260K [0x0000000700000000, 0x0000000800000000)
  region size 2048K, 7 young (14336K), 7 survivors (14336K)
 Metaspace       used 138135K, committed 139200K, reserved 1179648K
  class space    used 18576K, committed 19072K, reserved 1048576K
}

