# JRE version: OpenJDK Runtime Environment Microsoft-8902769 (17.0.10+7) (build 17.0.10+7-LTS)
# Java VM: OpenJDK 64-Bit Server VM Microsoft-8902769 (17.0.10+7-LTS, mixed mode, sharing, tiered, compressed oops, compressed class ptrs, g1 gc, windows-amd64)
GC Precious Log:
 CPUs: 8 total, 8 available
 Memory: 16082M
 Large Page Support: Disabled
 NUMA Support: Disabled
 Compressed Oops: Enabled (Zero based)
 Heap Region Size: 2M
 Heap Min Capacity: 8M
 Heap Initial Capacity: 252M
 Heap Max Capacity: 4G
 Pre-touch: Disabled
 Parallel Workers: 8
 Concurrent Workers: 2
 Concurrent Refinement Workers: 8
 Periodic GC: Disabled
Heap:
 garbage-first heap   total 573440K, used 356634K [0x0000000700000000, 0x0000000800000000)
  region size 2048K, 12 young (24576K), 5 survivors (10240K)
 Metaspace       used 153328K, committed 155328K, reserved 1245184K
  class space    used 21317K, committed 22272K, reserved 1048576K
GC Heap History (20 events):
Event: 3627.969 GC heap before
{Heap before GC invocations=59 (full 0):
 garbage-first heap   total 397312K, used 340918K [0x0000000700000000, 0x0000000800000000)
  region size 2048K, 27 young (55296K), 4 survivors (8192K)
 Metaspace       used 127364K, committed 129024K, reserved 1179648K
  class space    used 17702K, committed 18496K, reserved 1048576K
}
Event: 3627.977 GC heap after
{Heap after GC invocations=60 (full 0):
 garbage-first heap   total 477184K, used 300524K [0x0000000700000000, 0x0000000800000000)
  region size 2048K, 4 young (8192K), 4 survivors (8192K)
 Metaspace       used 127364K, committed 129024K, reserved 1179648K
  class space    used 17702K, committed 18496K, reserved 1048576K
}
Event: 3628.448 GC heap before
{Heap before GC invocations=60 (full 0):
 garbage-first heap   total 477184K, used 398828K [0x0000000700000000, 0x0000000800000000)
  region size 2048K, 52 young (106496K), 4 survivors (8192K)
 Metaspace       used 128081K, committed 129856K, reserved 1179648K
  class space    used 17808K, committed 18624K, reserved 1048576K
}
Event: 3628.458 GC heap after
{Heap after GC invocations=61 (full 0):
 garbage-first heap   total 477184K, used 310501K [0x0000000700000000, 0x0000000800000000)
  region size 2048K, 7 young (14336K), 7 survivors (14336K)
 Metaspace       used 128081K, committed 129856K, reserved 1179648K
  class space    used 17808K, committed 18624K, reserved 1048576K
}
Event: 3629.339 GC heap before
{Heap before GC invocations=61 (full 0):
 garbage-first heap   total 477184K, used 398565K [0x0000000700000000, 0x0000000800000000)
  region size 2048K, 51 young (104448K), 7 survivors (14336K)
 Metaspace       used 128428K, committed 130240K, reserved 1179648K
  class space    used 17835K, committed 18688K, reserved 1048576K
}
Event: 3629.353 GC heap after
{Heap after GC invocations=62 (full 0):
 garbage-first heap   total 477184K, used 321464K [0x0000000700000000, 0x0000000800000000)
  region size 2048K, 6 young (12288K), 6 survivors (12288K)
 Metaspace       used 128428K, committed 130240K, reserved 1179648K
  class space    used 17835K, committed 18688K, reserved 1048576K
}
Event: 3629.701 GC heap before
{Heap before GC invocations=62 (full 0):
 garbage-first heap   total 477184K, used 401336K [0x0000000700000000, 0x0000000800000000)
  region size 2048K, 45 young (92160K), 6 survivors (12288K)
 Metaspace       used 128634K, committed 130496K, reserved 1179648K
  class space    used 17853K, committed 18752K, reserved 1048576K
}
Event: 3629.713 GC heap after
{Heap after GC invocations=63 (full 0):
 garbage-first heap   total 477184K, used 329526K [0x0000000700000000, 0x0000000800000000)
  region size 2048K, 4 young (8192K), 4 survivors (8192K)
 Metaspace       used 128634K, committed 130496K, reserved 1179648K
  class space    used 17853K, committed 18752K, reserved 1048576K
}
Event: 3630.060 GC heap before
{Heap before GC invocations=63 (full 0):
 garbage-first heap   total 477184K, used 403254K [0x0000000700000000, 0x0000000800000000)
  region size 2048K, 41 young (83968K), 4 survivors (8192K)
 Metaspace       used 128964K, committed 130752K, reserved 1179648K
  class space    used 17886K, committed 18752K, reserved 1048576K
}
Event: 3630.072 GC heap after
{Heap after GC invocations=64 (full 0):
 garbage-first heap   total 477184K, used 341168K [0x0000000700000000, 0x0000000800000000)
  region size 2048K, 6 young (12288K), 6 survivors (12288K)
 Metaspace       used 128964K, committed 130752K, reserved 1179648K
  class space    used 17886K, committed 18752K, reserved 1048576K
}
Event: 3630.469 GC heap before
{Heap before GC invocations=64 (full 0):
 garbage-first heap   total 477184K, used 406704K [0x0000000700000000, 0x0000000800000000)
  region size 2048K, 38 young (77824K), 6 survivors (12288K)
 Metaspace       used 132667K, committed 134528K, reserved 1179648K
  class space    used 18394K, committed 19264K, reserved 1048576K
}
Event: 3630.478 GC heap after
{Heap after GC invocations=65 (full 0):
 garbage-first heap   total 573440K, used 347122K [0x0000000700000000, 0x0000000800000000)
  region size 2048K, 3 young (6144K), 3 survivors (6144K)
 Metaspace       used 132667K, committed 134528K, reserved 1179648K
  class space    used 18394K, committed 19264K, reserved 1048576K
}
Event: 3662.793 GC heap before
{Heap before GC invocations=65 (full 0):
 garbage-first heap   total 573440K, used 472050K [0x0000000700000000, 0x0000000800000000)
  region size 2048K, 65 young (133120K), 3 survivors (6144K)
 Metaspace       used 134370K, committed 136320K, reserved 1179648K
  class space    used 18634K, committed 19584K, reserved 1048576K
}
Event: 3662.812 GC heap after
{Heap after GC invocations=66 (full 0):
 garbage-first heap   total 573440K, used 363589K [0x0000000700000000, 0x0000000800000000)
  region size 2048K, 9 young (18432K), 9 survivors (18432K)
 Metaspace       used 134370K, committed 136320K, reserved 1179648K
  class space    used 18634K, committed 19584K, reserved 1048576K
}
Event: 3664.867 GC heap before
{Heap before GC invocations=66 (full 0):
 garbage-first heap   total 573440K, used 474181K [0x0000000700000000, 0x0000000800000000)
  region size 2048K, 64 young (131072K), 9 survivors (18432K)
 Metaspace       used 141846K, committed 143808K, reserved 1179648K
  class space    used 19536K, committed 20480K, reserved 1048576K
}
Event: 3664.885 GC heap after
{Heap after GC invocations=67 (full 0):
 garbage-first heap   total 573440K, used 374233K [0x0000000700000000, 0x0000000800000000)
  region size 2048K, 5 young (10240K), 5 survivors (10240K)
 Metaspace       used 141846K, committed 143808K, reserved 1179648K
  class space    used 19536K, committed 20480K, reserved 1048576K
}
Event: 3666.511 GC heap before
{Heap before GC invocations=67 (full 0):
 garbage-first heap   total 573440K, used 478681K [0x0000000700000000, 0x0000000800000000)
  region size 2048K, 57 young (116736K), 5 survivors (10240K)
 Metaspace       used 148520K, committed 150528K, reserved 1179648K
  class space    used 20463K, committed 21440K, reserved 1048576K
}
Event: 3666.520 GC heap after
{Heap after GC invocations=68 (full 0):
 garbage-first heap   total 573440K, used 380117K [0x0000000700000000, 0x0000000800000000)
  region size 2048K, 4 young (8192K), 4 survivors (8192K)
 Metaspace       used 148520K, committed 150528K, reserved 1179648K
  class space    used 20463K, committed 21440K, reserved 1048576K
}
Event: 3667.201 GC heap before
{Heap before GC invocations=68 (full 0):
 garbage-first heap   total 573440K, used 433365K [0x0000000700000000, 0x0000000800000000)
  region size 2048K, 31 young (63488K), 4 survivors (8192K)
 Metaspace       used 152025K, committed 154048K, reserved 1245184K
  class space    used 21069K, committed 22080K, reserved 1048576K
}
Event: 3667.208 GC heap after
{Heap after GC invocations=69 (full 0):
 garbage-first heap   total 573440K, used 383258K [0x0000000700000000, 0x0000000800000000)
  region size 2048K, 5 young (10240K), 5 survivors (10240K)
 Metaspace       used 152025K, committed 154048K, reserved 1245184K
  class space    used 21069K, committed 22080K, reserved 1048576K
}

