# JRE version: OpenJDK Runtime Environment Temurin-17.0.13+11 (17.0.13+11) (build 17.0.13+11)
# Java VM: OpenJDK 64-Bit Server VM Temurin-17.0.13+11 (17.0.13+11, mixed mode, tiered, compressed oops, compressed class ptrs, parallel gc, windows-amd64)
GC Precious Log:
 CPUs: 8 total, 8 available
 Memory: 16082M
 Large Page Support: Disabled
 NUMA Support: Disabled
 Compressed Oops: Enabled (32-bit)
 Alignments: Space 512K, Generation 512K, Heap 2M
 Heap Min Capacity: 100M
 Heap Initial Capacity: 100M
 Heap Max Capacity: 1G
 Pre-touch: Disabled
 Parallel Workers: 8
Heap:
 PSYoungGen      total 104448K, used 22721K [0x00000000eab00000, 0x00000000f4800000, 0x0000000100000000)
  eden space 50176K, 45% used [0x00000000eab00000,0x00000000ec130690,0x00000000edc00000)
  from space 54272K, 0% used [0x00000000f1300000,0x00000000f1300000,0x00000000f4800000)
  to   space 55296K, 0% used [0x00000000edc00000,0x00000000edc00000,0x00000000f1200000)
 ParOldGen       total 300032K, used 291573K [0x00000000c0000000, 0x00000000d2500000, 0x00000000eab00000)
  object space 300032K, 97% used [0x00000000c0000000,0x00000000d1cbd738,0x00000000d2500000)
 Metaspace       used 66884K, committed 68032K, reserved 1114112K
  class space    used 7706K, committed 8192K, reserved 1048576K
GC Heap History (20 events):
Event: 8.807 GC heap before
{Heap before GC invocations=87 (full 7):
 PSYoungGen      total 44544K, used 44530K [0x00000000eab00000, 0x00000000eeb00000, 0x0000000100000000)
  eden space 36352K, 100% used [0x00000000eab00000,0x00000000ece80000,0x00000000ece80000)
  from space 8192K, 99% used [0x00000000ece80000,0x00000000ed67c838,0x00000000ed680000)
  to   space 14336K, 0% used [0x00000000edd00000,0x00000000edd00000,0x00000000eeb00000)
 ParOldGen       total 236032K, used 201049K [0x00000000c0000000, 0x00000000ce680000, 0x00000000eab00000)
  object space 236032K, 85% used [0x00000000c0000000,0x00000000cc456440,0x00000000ce680000)
 Metaspace       used 66758K, committed 67904K, reserved 1114112K
  class space    used 7706K, committed 8192K, reserved 1048576K
}
Event: 8.818 GC heap after
{Heap after GC invocations=87 (full 7):
 PSYoungGen      total 48128K, used 8022K [0x00000000eab00000, 0x00000000ee580000, 0x0000000100000000)
  eden space 39424K, 0% used [0x00000000eab00000,0x00000000eab00000,0x00000000ed180000)
  from space 8704K, 92% used [0x00000000edd00000,0x00000000ee4d5850,0x00000000ee580000)
  to   space 10240K, 0% used [0x00000000ed180000,0x00000000ed180000,0x00000000edb80000)
 ParOldGen       total 236032K, used 209314K [0x00000000c0000000, 0x00000000ce680000, 0x00000000eab00000)
  object space 236032K, 88% used [0x00000000c0000000,0x00000000ccc68b08,0x00000000ce680000)
 Metaspace       used 66758K, committed 67904K, reserved 1114112K
  class space    used 7706K, committed 8192K, reserved 1048576K
}
Event: 9.032 GC heap before
{Heap before GC invocations=88 (full 7):
 PSYoungGen      total 48128K, used 47446K [0x00000000eab00000, 0x00000000ee580000, 0x0000000100000000)
  eden space 39424K, 100% used [0x00000000eab00000,0x00000000ed180000,0x00000000ed180000)
  from space 8704K, 92% used [0x00000000edd00000,0x00000000ee4d5850,0x00000000ee580000)
  to   space 10240K, 0% used [0x00000000ed180000,0x00000000ed180000,0x00000000edb80000)
 ParOldGen       total 236032K, used 209314K [0x00000000c0000000, 0x00000000ce680000, 0x00000000eab00000)
  object space 236032K, 88% used [0x00000000c0000000,0x00000000ccc68b08,0x00000000ce680000)
 Metaspace       used 66819K, committed 67968K, reserved 1114112K
  class space    used 7706K, committed 8192K, reserved 1048576K
}
Event: 9.041 GC heap after
{Heap after GC invocations=88 (full 7):
 PSYoungGen      total 49664K, used 10224K [0x00000000eab00000, 0x00000000ef580000, 0x0000000100000000)
  eden space 39424K, 0% used [0x00000000eab00000,0x00000000eab00000,0x00000000ed180000)
  from space 10240K, 99% used [0x00000000ed180000,0x00000000edb7c040,0x00000000edb80000)
  to   space 16896K, 0% used [0x00000000ee500000,0x00000000ee500000,0x00000000ef580000)
 ParOldGen       total 236032K, used 214638K [0x00000000c0000000, 0x00000000ce680000, 0x00000000eab00000)
  object space 236032K, 90% used [0x00000000c0000000,0x00000000cd19bad0,0x00000000ce680000)
 Metaspace       used 66819K, committed 67968K, reserved 1114112K
  class space    used 7706K, committed 8192K, reserved 1048576K
}
Event: 9.168 GC heap before
{Heap before GC invocations=89 (full 7):
 PSYoungGen      total 49664K, used 49593K [0x00000000eab00000, 0x00000000ef580000, 0x0000000100000000)
  eden space 39424K, 99% used [0x00000000eab00000,0x00000000ed1725a0,0x00000000ed180000)
  from space 10240K, 99% used [0x00000000ed180000,0x00000000edb7c040,0x00000000edb80000)
  to   space 16896K, 0% used [0x00000000ee500000,0x00000000ee500000,0x00000000ef580000)
 ParOldGen       total 236032K, used 214638K [0x00000000c0000000, 0x00000000ce680000, 0x00000000eab00000)
  object space 236032K, 90% used [0x00000000c0000000,0x00000000cd19bad0,0x00000000ce680000)
 Metaspace       used 66835K, committed 67968K, reserved 1114112K
  class space    used 7706K, committed 8192K, reserved 1048576K
}
Event: 9.179 GC heap after
{Heap after GC invocations=89 (full 7):
 PSYoungGen      total 51200K, used 8272K [0x00000000eab00000, 0x00000000eed80000, 0x0000000100000000)
  eden space 42496K, 0% used [0x00000000eab00000,0x00000000eab00000,0x00000000ed480000)
  from space 8704K, 95% used [0x00000000ee500000,0x00000000eed14240,0x00000000eed80000)
  to   space 11264K, 0% used [0x00000000ed780000,0x00000000ed780000,0x00000000ee280000)
 ParOldGen       total 236032K, used 224445K [0x00000000c0000000, 0x00000000ce680000, 0x00000000eab00000)
  object space 236032K, 95% used [0x00000000c0000000,0x00000000cdb2f440,0x00000000ce680000)
 Metaspace       used 66835K, committed 67968K, reserved 1114112K
  class space    used 7706K, committed 8192K, reserved 1048576K
}
Event: 9.282 GC heap before
{Heap before GC invocations=90 (full 7):
 PSYoungGen      total 51200K, used 50768K [0x00000000eab00000, 0x00000000eed80000, 0x0000000100000000)
  eden space 42496K, 100% used [0x00000000eab00000,0x00000000ed480000,0x00000000ed480000)
  from space 8704K, 95% used [0x00000000ee500000,0x00000000eed14240,0x00000000eed80000)
  to   space 11264K, 0% used [0x00000000ed780000,0x00000000ed780000,0x00000000ee280000)
 ParOldGen       total 236032K, used 224445K [0x00000000c0000000, 0x00000000ce680000, 0x00000000eab00000)
  object space 236032K, 95% used [0x00000000c0000000,0x00000000cdb2f440,0x00000000ce680000)
 Metaspace       used 66835K, committed 67968K, reserved 1114112K
  class space    used 7706K, committed 8192K, reserved 1048576K
}
Event: 9.291 GC heap after
{Heap after GC invocations=90 (full 7):
 PSYoungGen      total 56832K, used 11256K [0x00000000eab00000, 0x00000000efd00000, 0x0000000100000000)
  eden space 45568K, 0% used [0x00000000eab00000,0x00000000eab00000,0x00000000ed780000)
  from space 11264K, 99% used [0x00000000ed780000,0x00000000ee27e1e8,0x00000000ee280000)
  to   space 18944K, 0% used [0x00000000eea80000,0x00000000eea80000,0x00000000efd00000)
 ParOldGen       total 236032K, used 230121K [0x00000000c0000000, 0x00000000ce680000, 0x00000000eab00000)
  object space 236032K, 97% used [0x00000000c0000000,0x00000000ce0ba6b0,0x00000000ce680000)
 Metaspace       used 66835K, committed 67968K, reserved 1114112K
  class space    used 7706K, committed 8192K, reserved 1048576K
}
Event: 9.402 GC heap before
{Heap before GC invocations=91 (full 8):
 PSYoungGen      total 56832K, used 56824K [0x00000000eab00000, 0x00000000efd00000, 0x0000000100000000)
  eden space 45568K, 100% used [0x00000000eab00000,0x00000000ed780000,0x00000000ed780000)
  from space 11264K, 99% used [0x00000000ed780000,0x00000000ee27e1e8,0x00000000ee280000)
  to   space 18944K, 0% used [0x00000000eea80000,0x00000000eea80000,0x00000000efd00000)
 ParOldGen       total 236032K, used 230121K [0x00000000c0000000, 0x00000000ce680000, 0x00000000eab00000)
  object space 236032K, 97% used [0x00000000c0000000,0x00000000ce0ba6b0,0x00000000ce680000)
 Metaspace       used 66835K, committed 67968K, reserved 1114112K
  class space    used 7706K, committed 8192K, reserved 1048576K
}
Event: 9.534 GC heap after
{Heap after GC invocations=91 (full 8):
 PSYoungGen      total 56832K, used 10875K [0x00000000eab00000, 0x00000000f0000000, 0x0000000100000000)
  eden space 45568K, 0% used [0x00000000eab00000,0x00000000eab00000,0x00000000ed780000)
  from space 11264K, 96% used [0x00000000ed780000,0x00000000ee21ec10,0x00000000ee280000)
  to   space 18944K, 0% used [0x00000000eed80000,0x00000000eed80000,0x00000000f0000000)
 ParOldGen       total 295936K, used 235896K [0x00000000c0000000, 0x00000000d2100000, 0x00000000eab00000)
  object space 295936K, 79% used [0x00000000c0000000,0x00000000ce65e2f0,0x00000000d2100000)
 Metaspace       used 66835K, committed 67968K, reserved 1114112K
  class space    used 7706K, committed 8192K, reserved 1048576K
}
Event: 9.657 GC heap before
{Heap before GC invocations=92 (full 8):
 PSYoungGen      total 56832K, used 56443K [0x00000000eab00000, 0x00000000f0000000, 0x0000000100000000)
  eden space 45568K, 100% used [0x00000000eab00000,0x00000000ed780000,0x00000000ed780000)
  from space 11264K, 96% used [0x00000000ed780000,0x00000000ee21ec10,0x00000000ee280000)
  to   space 18944K, 0% used [0x00000000eed80000,0x00000000eed80000,0x00000000f0000000)
 ParOldGen       total 295936K, used 235896K [0x00000000c0000000, 0x00000000d2100000, 0x00000000eab00000)
  object space 295936K, 79% used [0x00000000c0000000,0x00000000ce65e2f0,0x00000000d2100000)
 Metaspace       used 66837K, committed 67968K, reserved 1114112K
  class space    used 7706K, committed 8192K, reserved 1048576K
}
Event: 9.674 GC heap after
{Heap after GC invocations=92 (full 8):
 PSYoungGen      total 56320K, used 11388K [0x00000000eab00000, 0x00000000ef900000, 0x0000000100000000)
  eden space 44544K, 0% used [0x00000000eab00000,0x00000000eab00000,0x00000000ed680000)
  from space 11776K, 96% used [0x00000000eed80000,0x00000000ef89f388,0x00000000ef900000)
  to   space 13824K, 0% used [0x00000000ede00000,0x00000000ede00000,0x00000000eeb80000)
 ParOldGen       total 295936K, used 247055K [0x00000000c0000000, 0x00000000d2100000, 0x00000000eab00000)
  object space 295936K, 83% used [0x00000000c0000000,0x00000000cf143c08,0x00000000d2100000)
 Metaspace       used 66837K, committed 67968K, reserved 1114112K
  class space    used 7706K, committed 8192K, reserved 1048576K
}
Event: 9.726 GC heap before
{Heap before GC invocations=93 (full 8):
 PSYoungGen      total 56320K, used 55932K [0x00000000eab00000, 0x00000000ef900000, 0x0000000100000000)
  eden space 44544K, 100% used [0x00000000eab00000,0x00000000ed680000,0x00000000ed680000)
  from space 11776K, 96% used [0x00000000eed80000,0x00000000ef89f388,0x00000000ef900000)
  to   space 13824K, 0% used [0x00000000ede00000,0x00000000ede00000,0x00000000eeb80000)
 ParOldGen       total 295936K, used 247055K [0x00000000c0000000, 0x00000000d2100000, 0x00000000eab00000)
  object space 295936K, 83% used [0x00000000c0000000,0x00000000cf143c08,0x00000000d2100000)
 Metaspace       used 66837K, committed 67968K, reserved 1114112K
  class space    used 7706K, committed 8192K, reserved 1048576K
}
Event: 9.735 GC heap after
{Heap after GC invocations=93 (full 8):
 PSYoungGen      total 62464K, used 13812K [0x00000000eab00000, 0x00000000f1280000, 0x0000000100000000)
  eden space 48640K, 0% used [0x00000000eab00000,0x00000000eab00000,0x00000000eda80000)
  from space 13824K, 99% used [0x00000000ede00000,0x00000000eeb7d3c8,0x00000000eeb80000)
  to   space 28672K, 0% used [0x00000000ef680000,0x00000000ef680000,0x00000000f1280000)
 ParOldGen       total 295936K, used 259032K [0x00000000c0000000, 0x00000000d2100000, 0x00000000eab00000)
  object space 295936K, 87% used [0x00000000c0000000,0x00000000cfcf61f0,0x00000000d2100000)
 Metaspace       used 66837K, committed 67968K, reserved 1114112K
  class space    used 7706K, committed 8192K, reserved 1048576K
}
Event: 10.118 GC heap before
{Heap before GC invocations=94 (full 8):
 PSYoungGen      total 62464K, used 62452K [0x00000000eab00000, 0x00000000f1280000, 0x0000000100000000)
  eden space 48640K, 100% used [0x00000000eab00000,0x00000000eda80000,0x00000000eda80000)
  from space 13824K, 99% used [0x00000000ede00000,0x00000000eeb7d3c8,0x00000000eeb80000)
  to   space 28672K, 0% used [0x00000000ef680000,0x00000000ef680000,0x00000000f1280000)
 ParOldGen       total 295936K, used 259032K [0x00000000c0000000, 0x00000000d2100000, 0x00000000eab00000)
  object space 295936K, 87% used [0x00000000c0000000,0x00000000cfcf61f0,0x00000000d2100000)
 Metaspace       used 66856K, committed 67968K, reserved 1114112K
  class space    used 7706K, committed 8192K, reserved 1048576K
}
Event: 10.128 GC heap after
{Heap after GC invocations=94 (full 8):
 PSYoungGen      total 72704K, used 20021K [0x00000000eab00000, 0x00000000f0a80000, 0x0000000100000000)
  eden space 52224K, 0% used [0x00000000eab00000,0x00000000eab00000,0x00000000ede00000)
  from space 20480K, 97% used [0x00000000ef680000,0x00000000f0a0d7c0,0x00000000f0a80000)
  to   space 22528K, 0% used [0x00000000ede80000,0x00000000ede80000,0x00000000ef480000)
 ParOldGen       total 295936K, used 272402K [0x00000000c0000000, 0x00000000d2100000, 0x00000000eab00000)
  object space 295936K, 92% used [0x00000000c0000000,0x00000000d0a04b70,0x00000000d2100000)
 Metaspace       used 66856K, committed 67968K, reserved 1114112K
  class space    used 7706K, committed 8192K, reserved 1048576K
}
Event: 10.968 GC heap before
{Heap before GC invocations=95 (full 8):
 PSYoungGen      total 72704K, used 72245K [0x00000000eab00000, 0x00000000f0a80000, 0x0000000100000000)
  eden space 52224K, 100% used [0x00000000eab00000,0x00000000ede00000,0x00000000ede00000)
  from space 20480K, 97% used [0x00000000ef680000,0x00000000f0a0d7c0,0x00000000f0a80000)
  to   space 22528K, 0% used [0x00000000ede80000,0x00000000ede80000,0x00000000ef480000)
 ParOldGen       total 295936K, used 272402K [0x00000000c0000000, 0x00000000d2100000, 0x00000000eab00000)
  object space 295936K, 92% used [0x00000000c0000000,0x00000000d0a04b70,0x00000000d2100000)
 Metaspace       used 66857K, committed 67968K, reserved 1114112K
  class space    used 7706K, committed 8192K, reserved 1048576K
}
Event: 10.989 GC heap after
{Heap after GC invocations=95 (full 8):
 PSYoungGen      total 73728K, used 22521K [0x00000000eab00000, 0x00000000f4900000, 0x0000000100000000)
  eden space 51200K, 0% used [0x00000000eab00000,0x00000000eab00000,0x00000000edd00000)
  from space 22528K, 99% used [0x00000000ede80000,0x00000000ef47e7d0,0x00000000ef480000)
  to   space 55296K, 0% used [0x00000000f1300000,0x00000000f1300000,0x00000000f4900000)
 ParOldGen       total 300032K, used 299824K [0x00000000c0000000, 0x00000000d2500000, 0x00000000eab00000)
  object space 300032K, 99% used [0x00000000c0000000,0x00000000d24cc280,0x00000000d2500000)
 Metaspace       used 66857K, committed 67968K, reserved 1114112K
  class space    used 7706K, committed 8192K, reserved 1048576K
}
Event: 11.648 GC heap before
{Heap before GC invocations=96 (full 9):
 PSYoungGen      total 73728K, used 73721K [0x00000000eab00000, 0x00000000f4900000, 0x0000000100000000)
  eden space 51200K, 100% used [0x00000000eab00000,0x00000000edd00000,0x00000000edd00000)
  from space 22528K, 99% used [0x00000000ede80000,0x00000000ef47e7d0,0x00000000ef480000)
  to   space 55296K, 0% used [0x00000000f1300000,0x00000000f1300000,0x00000000f4900000)
 ParOldGen       total 300032K, used 299824K [0x00000000c0000000, 0x00000000d2500000, 0x00000000eab00000)
  object space 300032K, 99% used [0x00000000c0000000,0x00000000d24cc280,0x00000000d2500000)
 Metaspace       used 66880K, committed 68032K, reserved 1114112K
  class space    used 7706K, committed 8192K, reserved 1048576K
}
Event: 11.751 GC heap after
{Heap after GC invocations=96 (full 9):
 PSYoungGen      total 104448K, used 0K [0x00000000eab00000, 0x00000000f4800000, 0x0000000100000000)
  eden space 50176K, 0% used [0x00000000eab00000,0x00000000eab00000,0x00000000edc00000)
  from space 54272K, 0% used [0x00000000f1300000,0x00000000f1300000,0x00000000f4800000)
  to   space 55296K, 0% used [0x00000000edc00000,0x00000000edc00000,0x00000000f1200000)
 ParOldGen       total 300032K, used 291573K [0x00000000c0000000, 0x00000000d2500000, 0x00000000eab00000)
  object space 300032K, 97% used [0x00000000c0000000,0x00000000d1cbd738,0x00000000d2500000)
 Metaspace       used 66880K, committed 68032K, reserved 1114112K
  class space    used 7706K, committed 8192K, reserved 1048576K
}

